Ansys Lumerical 2022 R1.4 Eigenmode Expansion Solver Version 7.19.3044 (Linux 64bit)
 expires (month/day/year): 5/2/2023
using config file: Ansys Licensing set with ANSYSLMD_LICENSE_FILE
license host: 1055@10.75.13.24
current time: sex mar 17 13:50:03 2023
Running on host: fotonica01-System-Product-Name
Running lms file: /opt/lumerical/v221/bin/eme-engine -t 6 -remote -shared-solve-license QU5TWVNDTF9DT05URVhUX0RBVEE9PEFOU1lTQ0xfQ09OVEVYVF9EQVRBPjxJRD42YTlmY2RkZi04OGY4LTRiYTktYWVmZC05YjI5NDc2NzhiZGM8L0lEPjxUWVBFPkFQUF9ERUZJTkVEPC9UWVBFPjxOQU1FPmx1bV9zdGFuZGFyZF9zb2x2ZV9zaGFyZTwvTkFNRT48SEFORExFUj4zNTQwM0Bmb3RvbmljYTAxLVN5c3RlbS1Qcm9kdWN0LU5hbWU8L0hBTkRMRVI+PC9BTlNZU0NMX0NPTlRFWFRfREFUQT4KQU5TWVNfQ09OVEVYVF9JRD02YTlmY2RkZi04OGY4LTRiYTktYWVmZC05YjI5NDc2NzhiZGMKQU5TWVNfQ09OVEVYVF9TRVJWRVI9MzU0MDNAZm90b25pY2EwMS1TeXN0ZW0tUHJvZHVjdC1OYW1lCg== /home/moises/Documentos/GitHub/edge_coupler/Edge_Coupler.lms
Running MODE Simulation
Starting meshing
Simulation size in gridpoints: 1 x 324 x 163
Refined 0 mesh cells (0%)
Completed meshing!
Meshing complete in 0.01077 seconds of CPU time
Starting meshing
Simulation size in gridpoints: 1 x 324 x 163
Refined 0 mesh cells (0%)
Completed meshing!
Meshing complete in 0.010447 seconds of CPU time
Starting meshing
Simulation size in gridpoints: 1 x 324 x 163
Refined 0 mesh cells (0%)
Completed meshing!
Meshing complete in 0.010135 seconds of CPU time
Starting meshing
Simulation size in gridpoints: 1 x 324 x 163
Refined 0 mesh cells (0%)
Completed meshing!
Meshing complete in 0.019097 seconds of CPU time
Starting meshing
Simulation size in gridpoints: 1 x 324 x 163
Refined 0 mesh cells (0%)
Completed meshing!
Meshing complete in 0.017149 seconds of CPU time
Starting meshing
Simulation size in gridpoints: 1 x 324 x 163
Refined 0 mesh cells (0%)
Completed meshing!
Meshing complete in 0.016993 seconds of CPU time
Starting meshing
Simulation size in gridpoints: 1 x 324 x 163
Refined 0 mesh cells (0%)
Completed meshing!
Meshing complete in 0.01831 seconds of CPU time
Starting meshing
Simulation size in gridpoints: 1 x 324 x 163
Refined 0 mesh cells (0%)
Completed meshing!
Meshing complete in 0.018435 seconds of CPU time
Starting meshing
Simulation size in gridpoints: 1 x 324 x 163
Refined 0 mesh cells (0%)
Completed meshing!
Meshing complete in 0.016827 seconds of CPU time
Starting meshing
Simulation size in gridpoints: 1 x 324 x 163
Refined 0 mesh cells (0%)
Completed meshing!
Meshing complete in 0.0194 seconds of CPU time
Starting meshing
Simulation size in gridpoints: 1 x 324 x 163
Refined 0 mesh cells (0%)
Completed meshing!
Meshing complete in 0.018708 seconds of CPU time
Starting meshing
Simulation size in gridpoints: 1 x 324 x 163
Refined 0 mesh cells (0%)
Completed meshing!
Meshing complete in 0.021158 seconds of CPU time
Starting meshing
Simulation size in gridpoints: 1 x 324 x 163
Refined 0 mesh cells (0%)
Completed meshing!
Meshing complete in 0.018361 seconds of CPU time
Starting meshing
Simulation size in gridpoints: 1 x 324 x 163
Refined 0 mesh cells (0%)
Completed meshing!
Meshing complete in 0.020298 seconds of CPU time
Starting meshing
Simulation size in gridpoints: 1 x 324 x 163
Refined 0 mesh cells (0%)
Completed meshing!
Meshing complete in 0.019081 seconds of CPU time
Starting meshing
Simulation size in gridpoints: 1 x 324 x 163
Refined 0 mesh cells (0%)
Completed meshing!
Meshing complete in 0.02023 seconds of CPU time
Starting meshing
Simulation size in gridpoints: 1 x 324 x 163
Refined 0 mesh cells (0%)
Completed meshing!
Meshing complete in 0.017681 seconds of CPU time
Starting meshing
Simulation size in gridpoints: 1 x 324 x 163
Refined 0 mesh cells (0%)
Completed meshing!
Meshing complete in 0.016937 seconds of CPU time
Starting meshing
Simulation size in gridpoints: 1 x 324 x 163
Refined 0 mesh cells (0%)
Completed meshing!
Meshing complete in 0.018095 seconds of CPU time
Starting meshing
Simulation size in gridpoints: 1 x 324 x 163
Refined 0 mesh cells (0%)
Completed meshing!
Meshing complete in 0.019002 seconds of CPU time
Starting meshing
Simulation size in gridpoints: 1 x 324 x 163
Refined 0 mesh cells (0%)
Completed meshing!
Meshing complete in 0.021311 seconds of CPU time
Starting meshing
Simulation size in gridpoints: 1 x 324 x 163
Refined 0 mesh cells (0%)
Completed meshing!
Meshing complete in 0.04314 seconds of CPU time
Starting meshing
Simulation size in gridpoints: 1 x 324 x 163
Refined 0 mesh cells (0%)
Completed meshing!
Meshing complete in 0.018408 seconds of CPU time
Starting meshing
Simulation size in gridpoints: 1 x 324 x 163
Refined 0 mesh cells (0%)
Completed meshing!
Meshing complete in 0.02093 seconds of CPU time
Starting meshing
Simulation size in gridpoints: 1 x 324 x 163
Refined 0 mesh cells (0%)
Completed meshing!
Meshing complete in 0.018605 seconds of CPU time
Starting meshing
Simulation size in gridpoints: 1 x 324 x 163
Refined 0 mesh cells (0%)
Completed meshing!
Meshing complete in 0.017969 seconds of CPU time
Starting meshing
Simulation size in gridpoints: 1 x 324 x 163
Refined 0 mesh cells (0%)
Completed meshing!
Meshing complete in 0.017489 seconds of CPU time
Starting meshing
Simulation size in gridpoints: 1 x 324 x 163
Refined 0 mesh cells (0%)
Completed meshing!
Meshing complete in 0.020377 seconds of CPU time
Starting meshing
Simulation size in gridpoints: 1 x 324 x 163
Refined 0 mesh cells (0%)
Completed meshing!
Meshing complete in 0.019055 seconds of CPU time
Starting meshing
Simulation size in gridpoints: 1 x 324 x 163
Refined 0 mesh cells (0%)
Completed meshing!
Meshing complete in 0.020471 seconds of CPU time
Starting meshing
Simulation size in gridpoints: 1 x 324 x 163
Refined 0 mesh cells (0%)
Completed meshing!
Meshing complete in 0.020755 seconds of CPU time
Starting meshing
Simulation size in gridpoints: 1 x 324 x 163
Refined 0 mesh cells (0%)
Completed meshing!
Meshing complete in 0.018198 seconds of CPU time
Starting meshing
Simulation size in gridpoints: 1 x 324 x 163
Refined 0 mesh cells (0%)
Completed meshing!
Meshing complete in 0.021021 seconds of CPU time
Starting meshing
Simulation size in gridpoints: 1 x 324 x 163
Refined 0 mesh cells (0%)
Completed meshing!
Meshing complete in 0.01789 seconds of CPU time
Starting meshing
Simulation size in gridpoints: 1 x 324 x 163
Refined 0 mesh cells (0%)
Completed meshing!
Meshing complete in 0.017902 seconds of CPU time
Starting meshing
Simulation size in gridpoints: 1 x 324 x 163
Refined 0 mesh cells (0%)
Completed meshing!
Meshing complete in 0.020003 seconds of CPU time
Starting meshing
Simulation size in gridpoints: 1 x 324 x 163
Refined 0 mesh cells (0%)
Completed meshing!
Meshing complete in 0.018847 seconds of CPU time
Starting meshing
Simulation size in gridpoints: 1 x 324 x 163
Refined 0 mesh cells (0%)
Completed meshing!
Meshing complete in 0.01993 seconds of CPU time
Starting meshing
Simulation size in gridpoints: 1 x 324 x 163
Refined 0 mesh cells (0%)
Completed meshing!
Meshing complete in 0.019418 seconds of CPU time
Starting meshing
Simulation size in gridpoints: 1 x 324 x 163
Refined 0 mesh cells (0%)
Completed meshing!
Meshing complete in 0.018439 seconds of CPU time
Starting meshing
Simulation size in gridpoints: 1 x 324 x 163
Refined 0 mesh cells (0%)
Completed meshing!
Meshing complete in 0.017197 seconds of CPU time
Starting meshing
Simulation size in gridpoints: 1 x 324 x 163
Refined 0 mesh cells (0%)
Completed meshing!
Meshing complete in 0.016938 seconds of CPU time
Starting meshing
Simulation size in gridpoints: 1 x 324 x 163
Refined 0 mesh cells (0%)
Completed meshing!
Meshing complete in 0.018032 seconds of CPU time
Starting meshing
Simulation size in gridpoints: 1 x 324 x 163
Refined 0 mesh cells (0%)
Completed meshing!
Meshing complete in 0.017354 seconds of CPU time
Starting meshing
Simulation size in gridpoints: 1 x 324 x 163
Refined 0 mesh cells (0%)
Completed meshing!
Meshing complete in 0.01879 seconds of CPU time
Starting meshing
Simulation size in gridpoints: 1 x 324 x 163
Refined 0 mesh cells (0%)
Completed meshing!
Meshing complete in 0.017903 seconds of CPU time
Starting meshing
Simulation size in gridpoints: 1 x 324 x 163
Refined 0 mesh cells (0%)
Completed meshing!
Meshing complete in 0.018672 seconds of CPU time
Starting meshing
Simulation size in gridpoints: 1 x 324 x 163
Refined 0 mesh cells (0%)
Completed meshing!
Meshing complete in 0.017099 seconds of CPU time
Starting meshing
Simulation size in gridpoints: 1 x 324 x 163
Refined 0 mesh cells (0%)
Completed meshing!
Meshing complete in 0.01857 seconds of CPU time
Starting meshing
Simulation size in gridpoints: 1 x 324 x 163
Refined 0 mesh cells (0%)
Completed meshing!
Meshing complete in 0.017078 seconds of CPU time
Starting meshing
Simulation size in gridpoints: 1 x 324 x 163
Refined 0 mesh cells (0%)
Completed meshing!
Meshing complete in 0.01718 seconds of CPU time
Starting meshing
Simulation size in gridpoints: 1 x 324 x 163
Refined 0 mesh cells (0%)
Completed meshing!
Meshing complete in 0.01849 seconds of CPU time
Starting meshing
Simulation size in gridpoints: 1 x 324 x 163
Refined 0 mesh cells (0%)
Completed meshing!
Meshing complete in 0.016961 seconds of CPU time
Starting meshing
Simulation size in gridpoints: 1 x 324 x 163
Refined 0 mesh cells (0%)
Completed meshing!
Meshing complete in 0.018638 seconds of CPU time
Starting meshing
Simulation size in gridpoints: 1 x 324 x 163
Refined 0 mesh cells (0%)
Completed meshing!
Meshing complete in 0.018556 seconds of CPU time
Starting meshing
Simulation size in gridpoints: 1 x 324 x 163
Refined 0 mesh cells (0%)
Completed meshing!
Meshing complete in 0.017041 seconds of CPU time
Starting meshing
Simulation size in gridpoints: 1 x 324 x 163
Refined 0 mesh cells (0%)
Completed meshing!
Meshing complete in 0.017044 seconds of CPU time
Starting meshing
Simulation size in gridpoints: 1 x 324 x 163
Refined 0 mesh cells (0%)
Completed meshing!
Meshing complete in 0.018316 seconds of CPU time
Starting meshing
Simulation size in gridpoints: 1 x 324 x 163
Refined 0 mesh cells (0%)
Completed meshing!
Meshing complete in 0.019955 seconds of CPU time
Starting meshing
Simulation size in gridpoints: 1 x 324 x 163
Refined 0 mesh cells (0%)
Completed meshing!
Meshing complete in 0.01979 seconds of CPU time
Starting meshing
Simulation size in gridpoints: 1 x 324 x 163
Refined 0 mesh cells (0%)
Completed meshing!
Meshing complete in 0.029886 seconds of CPU time
Starting meshing
Simulation size in gridpoints: 1 x 324 x 163
Refined 0 mesh cells (0%)
Completed meshing!
Meshing complete in 0.027535 seconds of CPU time
Starting meshing
Simulation size in gridpoints: 1 x 324 x 163
Refined 0 mesh cells (0%)
Completed meshing!
Meshing complete in 0.025754 seconds of CPU time
Starting meshing
Simulation size in gridpoints: 1 x 324 x 163
Refined 0 mesh cells (0%)
Completed meshing!
Meshing complete in 0.021091 seconds of CPU time
Starting meshing
Simulation size in gridpoints: 1 x 324 x 163
Refined 0 mesh cells (0%)
Completed meshing!
Meshing complete in 0.018847 seconds of CPU time
Starting meshing
Simulation size in gridpoints: 1 x 324 x 163
Refined 0 mesh cells (0%)
Completed meshing!
Meshing complete in 0.017988 seconds of CPU time
Starting meshing
Simulation size in gridpoints: 1 x 324 x 163
Refined 0 mesh cells (0%)
Completed meshing!
Meshing complete in 0.018878 seconds of CPU time
Starting meshing
Simulation size in gridpoints: 1 x 324 x 163
Refined 0 mesh cells (0%)
Completed meshing!
Meshing complete in 0.01721 seconds of CPU time
Starting meshing
Simulation size in gridpoints: 1 x 324 x 163
Refined 0 mesh cells (0%)
Completed meshing!
Meshing complete in 0.01694 seconds of CPU time
Starting meshing
Simulation size in gridpoints: 1 x 324 x 163
Refined 0 mesh cells (0%)
Completed meshing!
Meshing complete in 0.018528 seconds of CPU time
Starting meshing
Simulation size in gridpoints: 1 x 324 x 163
Refined 0 mesh cells (0%)
Completed meshing!
Meshing complete in 0.018289 seconds of CPU time
Starting meshing
Simulation size in gridpoints: 1 x 324 x 163
Refined 0 mesh cells (0%)
Completed meshing!
Meshing complete in 0.017135 seconds of CPU time
Starting meshing
Simulation size in gridpoints: 1 x 324 x 163
Refined 0 mesh cells (0%)
Completed meshing!
Meshing complete in 0.017956 seconds of CPU time
Starting meshing
Simulation size in gridpoints: 1 x 324 x 163
Refined 0 mesh cells (0%)
Completed meshing!
Meshing complete in 0.020205 seconds of CPU time
Starting meshing
Simulation size in gridpoints: 1 x 324 x 163
Refined 0 mesh cells (0%)
Completed meshing!
Meshing complete in 0.018184 seconds of CPU time
Starting meshing
Simulation size in gridpoints: 1 x 324 x 163
Refined 0 mesh cells (0%)
Completed meshing!
Meshing complete in 0.018759 seconds of CPU time
Starting meshing
Simulation size in gridpoints: 1 x 324 x 163
Refined 0 mesh cells (0%)
Completed meshing!
Meshing complete in 0.028066 seconds of CPU time
Starting meshing
Simulation size in gridpoints: 1 x 324 x 163
Refined 0 mesh cells (0%)
Completed meshing!
Meshing complete in 0.023743 seconds of CPU time
Starting meshing
Simulation size in gridpoints: 1 x 324 x 163
Refined 0 mesh cells (0%)
Completed meshing!
Meshing complete in 0.018054 seconds of CPU time
Starting meshing
Simulation size in gridpoints: 1 x 324 x 163
Refined 0 mesh cells (0%)
Completed meshing!
Meshing complete in 0.017323 seconds of CPU time
Starting meshing
Simulation size in gridpoints: 1 x 324 x 163
Refined 0 mesh cells (0%)
Completed meshing!
Meshing complete in 0.01744 seconds of CPU time
Starting meshing
Simulation size in gridpoints: 1 x 324 x 163
Refined 0 mesh cells (0%)
Completed meshing!
Meshing complete in 0.018447 seconds of CPU time
Starting meshing
Simulation size in gridpoints: 1 x 324 x 163
Refined 0 mesh cells (0%)
Completed meshing!
Meshing complete in 0.017089 seconds of CPU time
Starting meshing
Simulation size in gridpoints: 1 x 324 x 163
Refined 0 mesh cells (0%)
Completed meshing!
Meshing complete in 0.018161 seconds of CPU time
Starting meshing
Simulation size in gridpoints: 1 x 324 x 163
Refined 0 mesh cells (0%)
Completed meshing!
Meshing complete in 0.018647 seconds of CPU time
Starting meshing
Simulation size in gridpoints: 1 x 324 x 163
Refined 0 mesh cells (0%)
Completed meshing!
Meshing complete in 0.01703 seconds of CPU time
Starting meshing
Simulation size in gridpoints: 1 x 324 x 163
Refined 0 mesh cells (0%)
Completed meshing!
Meshing complete in 0.017941 seconds of CPU time
Starting meshing
Simulation size in gridpoints: 1 x 324 x 163
Refined 0 mesh cells (0%)
Completed meshing!
Meshing complete in 0.019084 seconds of CPU time
Starting meshing
Simulation size in gridpoints: 1 x 324 x 163
Refined 0 mesh cells (0%)
Completed meshing!
Meshing complete in 0.017313 seconds of CPU time
Starting meshing
Simulation size in gridpoints: 1 x 324 x 163
Refined 0 mesh cells (0%)
Completed meshing!
Meshing complete in 0.01712 seconds of CPU time
Starting meshing
Simulation size in gridpoints: 1 x 324 x 163
Refined 0 mesh cells (0%)
Completed meshing!
Meshing complete in 0.018601 seconds of CPU time
Starting meshing
Simulation size in gridpoints: 1 x 324 x 163
Refined 0 mesh cells (0%)
Completed meshing!
Meshing complete in 0.019417 seconds of CPU time
Starting meshing
Simulation size in gridpoints: 1 x 324 x 163
Refined 0 mesh cells (0%)
Completed meshing!
Meshing complete in 0.018067 seconds of CPU time
Starting meshing
Simulation size in gridpoints: 1 x 324 x 163
Refined 0 mesh cells (0%)
Completed meshing!
Meshing complete in 0.020048 seconds of CPU time
Starting meshing
Simulation size in gridpoints: 1 x 324 x 163
Refined 0 mesh cells (0%)
Completed meshing!
Meshing complete in 0.019114 seconds of CPU time
Starting meshing
Simulation size in gridpoints: 1 x 324 x 163
Refined 0 mesh cells (0%)
Completed meshing!
Meshing complete in 0.017205 seconds of CPU time
Starting meshing
Simulation size in gridpoints: 1 x 324 x 163
Refined 0 mesh cells (0%)
Completed meshing!
Meshing complete in 0.018405 seconds of CPU time
Starting meshing
Simulation size in gridpoints: 1 x 324 x 163
Refined 0 mesh cells (0%)
Completed meshing!
Meshing complete in 0.017322 seconds of CPU time
Starting meshing
Simulation size in gridpoints: 1 x 324 x 163
Refined 0 mesh cells (0%)
Completed meshing!
Meshing complete in 0.018043 seconds of CPU time
Starting meshing
Simulation size in gridpoints: 1 x 324 x 163
Refined 0 mesh cells (0%)
Completed meshing!
Meshing complete in 0.018822 seconds of CPU time
Starting meshing
Simulation size in gridpoints: 1 x 324 x 163
Refined 0 mesh cells (0%)
Completed meshing!
Meshing complete in 0.017378 seconds of CPU time
Starting meshing
Simulation size in gridpoints: 1 x 324 x 163
Refined 0 mesh cells (0%)
Completed meshing!
Meshing complete in 0.018372 seconds of CPU time
Starting meshing
Simulation size in gridpoints: 1 x 324 x 163
Refined 0 mesh cells (0%)
Completed meshing!
Meshing complete in 0.018171 seconds of CPU time
Starting meshing
Simulation size in gridpoints: 1 x 324 x 163
Refined 0 mesh cells (0%)
Completed meshing!
Meshing complete in 0.017423 seconds of CPU time
Starting meshing
Simulation size in gridpoints: 1 x 324 x 163
Refined 0 mesh cells (0%)
Completed meshing!
Meshing complete in 0.019349 seconds of CPU time
Starting meshing
Simulation size in gridpoints: 1 x 324 x 163
Refined 0 mesh cells (0%)
Completed meshing!
Meshing complete in 0.018704 seconds of CPU time
Starting meshing
Simulation size in gridpoints: 1 x 324 x 163
Refined 0 mesh cells (0%)
Completed meshing!
Meshing complete in 0.017454 seconds of CPU time
Starting meshing
Simulation size in gridpoints: 1 x 324 x 163
Refined 0 mesh cells (0%)
Completed meshing!
Meshing complete in 0.017627 seconds of CPU time
Starting meshing
Simulation size in gridpoints: 1 x 324 x 163
Refined 0 mesh cells (0%)
Completed meshing!
Meshing complete in 0.017961 seconds of CPU time
Starting meshing
Simulation size in gridpoints: 1 x 324 x 163
Refined 0 mesh cells (0%)
Completed meshing!
Meshing complete in 0.017331 seconds of CPU time
Starting meshing
Simulation size in gridpoints: 1 x 324 x 163
Refined 0 mesh cells (0%)
Completed meshing!
Meshing complete in 0.017211 seconds of CPU time
Starting meshing
Simulation size in gridpoints: 1 x 324 x 163
Refined 0 mesh cells (0%)
Completed meshing!
Meshing complete in 0.01739 seconds of CPU time
Starting meshing
Simulation size in gridpoints: 1 x 324 x 163
Refined 0 mesh cells (0%)
Completed meshing!
Meshing complete in 0.016182 seconds of CPU time
Starting meshing
Simulation size in gridpoints: 1 x 324 x 163
Refined 0 mesh cells (0%)
Completed meshing!
Meshing complete in 0.016123 seconds of CPU time
Starting meshing
Simulation size in gridpoints: 1 x 324 x 163
Refined 0 mesh cells (0%)
Completed meshing!
Meshing complete in 0.019084 seconds of CPU time
Starting meshing
Simulation size in gridpoints: 1 x 324 x 163
Refined 0 mesh cells (0%)
Completed meshing!
Meshing complete in 0.018028 seconds of CPU time
Starting meshing
Simulation size in gridpoints: 1 x 324 x 163
Refined 0 mesh cells (0%)
Completed meshing!
Meshing complete in 0.018963 seconds of CPU time
Starting meshing
Simulation size in gridpoints: 1 x 324 x 163
Refined 0 mesh cells (0%)
Completed meshing!
Meshing complete in 0.018964 seconds of CPU time
Starting meshing
Simulation size in gridpoints: 1 x 324 x 163
Refined 0 mesh cells (0%)
Completed meshing!
Meshing complete in 0.017179 seconds of CPU time
Starting meshing
Simulation size in gridpoints: 1 x 324 x 163
Refined 0 mesh cells (0%)
Completed meshing!
Meshing complete in 0.018442 seconds of CPU time
Starting meshing
Simulation size in gridpoints: 1 x 324 x 163
Refined 0 mesh cells (0%)
Completed meshing!
Meshing complete in 0.01858 seconds of CPU time
Starting meshing
Simulation size in gridpoints: 1 x 324 x 163
Refined 0 mesh cells (0%)
Completed meshing!
Meshing complete in 0.017165 seconds of CPU time
Starting meshing
Simulation size in gridpoints: 1 x 324 x 163
Refined 0 mesh cells (0%)
Completed meshing!
Meshing complete in 0.016996 seconds of CPU time
Starting meshing
Simulation size in gridpoints: 1 x 324 x 163
Refined 0 mesh cells (0%)
Completed meshing!
Meshing complete in 0.021414 seconds of CPU time
Starting meshing
Simulation size in gridpoints: 1 x 324 x 163
Refined 0 mesh cells (0%)
Completed meshing!
Meshing complete in 0.017286 seconds of CPU time
Starting meshing
Simulation size in gridpoints: 1 x 324 x 163
Refined 0 mesh cells (0%)
Completed meshing!
Meshing complete in 0.017408 seconds of CPU time
Starting meshing
Simulation size in gridpoints: 1 x 324 x 163
Refined 0 mesh cells (0%)
Completed meshing!
Meshing complete in 0.020302 seconds of CPU time
Starting meshing
Simulation size in gridpoints: 1 x 324 x 163
Refined 0 mesh cells (0%)
Completed meshing!
Meshing complete in 0.021961 seconds of CPU time
Starting meshing
Simulation size in gridpoints: 1 x 324 x 163
Refined 0 mesh cells (0%)
Completed meshing!
Meshing complete in 0.016974 seconds of CPU time
Starting meshing
Simulation size in gridpoints: 1 x 324 x 163
Refined 0 mesh cells (0%)
Completed meshing!
Meshing complete in 0.019714 seconds of CPU time
Starting meshing
Simulation size in gridpoints: 1 x 324 x 163
Refined 0 mesh cells (0%)
Completed meshing!
Meshing complete in 0.017012 seconds of CPU time
Starting meshing
Simulation size in gridpoints: 1 x 324 x 163
Refined 0 mesh cells (0%)
Completed meshing!
Meshing complete in 0.019808 seconds of CPU time
Starting meshing
Simulation size in gridpoints: 1 x 324 x 163
Refined 0 mesh cells (0%)
Completed meshing!
Meshing complete in 0.019065 seconds of CPU time
Starting meshing
Simulation size in gridpoints: 1 x 324 x 163
Refined 0 mesh cells (0%)
Completed meshing!
Meshing complete in 0.017414 seconds of CPU time
Starting meshing
Simulation size in gridpoints: 1 x 324 x 163
Refined 0 mesh cells (0%)
Completed meshing!
Meshing complete in 0.018044 seconds of CPU time
Starting meshing
Simulation size in gridpoints: 1 x 324 x 163
Refined 0 mesh cells (0%)
Completed meshing!
Meshing complete in 0.019526 seconds of CPU time
Starting meshing
Simulation size in gridpoints: 1 x 324 x 163
Refined 0 mesh cells (0%)
Completed meshing!
Meshing complete in 0.017369 seconds of CPU time
Starting meshing
Simulation size in gridpoints: 1 x 324 x 163
Refined 0 mesh cells (0%)
Completed meshing!
Meshing complete in 0.017123 seconds of CPU time
Starting meshing
Simulation size in gridpoints: 1 x 324 x 163
Refined 0 mesh cells (0%)
Completed meshing!
Meshing complete in 0.01893 seconds of CPU time
Starting meshing
Simulation size in gridpoints: 1 x 324 x 163
Refined 0 mesh cells (0%)
Completed meshing!
Meshing complete in 0.02257 seconds of CPU time
Starting meshing
Simulation size in gridpoints: 1 x 324 x 163
Refined 0 mesh cells (0%)
Completed meshing!
Meshing complete in 0.017704 seconds of CPU time
Starting meshing
Simulation size in gridpoints: 1 x 324 x 163
Refined 0 mesh cells (0%)
Completed meshing!
Meshing complete in 0.017972 seconds of CPU time
Starting meshing
Simulation size in gridpoints: 1 x 324 x 163
Refined 0 mesh cells (0%)
Completed meshing!
Meshing complete in 0.017872 seconds of CPU time
Starting meshing
Simulation size in gridpoints: 1 x 324 x 163
Refined 0 mesh cells (0%)
Completed meshing!
Meshing complete in 0.017086 seconds of CPU time
Starting meshing
Simulation size in gridpoints: 1 x 324 x 163
Refined 0 mesh cells (0%)
Completed meshing!
Meshing complete in 0.018265 seconds of CPU time
Starting meshing
Simulation size in gridpoints: 1 x 324 x 163
Refined 0 mesh cells (0%)
Completed meshing!
Meshing complete in 0.018434 seconds of CPU time
Starting meshing
Simulation size in gridpoints: 1 x 324 x 163
Refined 0 mesh cells (0%)
Completed meshing!
Meshing complete in 0.017415 seconds of CPU time
Starting meshing
Simulation size in gridpoints: 1 x 324 x 163
Refined 0 mesh cells (0%)
Completed meshing!
Meshing complete in 0.017992 seconds of CPU time
Starting meshing
Simulation size in gridpoints: 1 x 324 x 163
Refined 0 mesh cells (0%)
Completed meshing!
Meshing complete in 0.017099 seconds of CPU time
Starting meshing
Simulation size in gridpoints: 1 x 324 x 163
Refined 0 mesh cells (0%)
Completed meshing!
Meshing complete in 0.019465 seconds of CPU time
Starting meshing
Simulation size in gridpoints: 1 x 324 x 163
Refined 0 mesh cells (0%)
Completed meshing!
Meshing complete in 0.01824 seconds of CPU time
Starting meshing
Simulation size in gridpoints: 1 x 324 x 163
Refined 0 mesh cells (0%)
Completed meshing!
Meshing complete in 0.017352 seconds of CPU time
Starting meshing
Simulation size in gridpoints: 1 x 324 x 163
Refined 0 mesh cells (0%)
Completed meshing!
Meshing complete in 0.018983 seconds of CPU time
Starting meshing
Simulation size in gridpoints: 1 x 324 x 163
Refined 0 mesh cells (0%)
Completed meshing!
Meshing complete in 0.018414 seconds of CPU time
Starting meshing
Simulation size in gridpoints: 1 x 324 x 163
Refined 0 mesh cells (0%)
Completed meshing!
Meshing complete in 0.017335 seconds of CPU time
Starting meshing
Simulation size in gridpoints: 1 x 324 x 163
Refined 0 mesh cells (0%)
Completed meshing!
Meshing complete in 0.017044 seconds of CPU time
Starting meshing
Simulation size in gridpoints: 1 x 324 x 163
Refined 0 mesh cells (0%)
Completed meshing!
Meshing complete in 0.018548 seconds of CPU time
Starting meshing
Simulation size in gridpoints: 1 x 324 x 163
Refined 0 mesh cells (0%)
Completed meshing!
Meshing complete in 0.017592 seconds of CPU time
Starting meshing
Simulation size in gridpoints: 1 x 324 x 163
Refined 0 mesh cells (0%)
Completed meshing!
Meshing complete in 0.018363 seconds of CPU time
Starting meshing
Simulation size in gridpoints: 1 x 324 x 163
Refined 0 mesh cells (0%)
Completed meshing!
Meshing complete in 0.019282 seconds of CPU time
Starting meshing
Simulation size in gridpoints: 1 x 324 x 163
Refined 0 mesh cells (0%)
Completed meshing!
Meshing complete in 0.021435 seconds of CPU time
Starting meshing
Simulation size in gridpoints: 1 x 324 x 163
Refined 0 mesh cells (0%)
Completed meshing!
Meshing complete in 0.021874 seconds of CPU time
Starting meshing
Simulation size in gridpoints: 1 x 324 x 163
Refined 0 mesh cells (0%)
Completed meshing!
Meshing complete in 0.01884 seconds of CPU time
Starting meshing
Simulation size in gridpoints: 1 x 324 x 163
Refined 0 mesh cells (0%)
Completed meshing!
Meshing complete in 0.021175 seconds of CPU time
Starting meshing
Simulation size in gridpoints: 1 x 324 x 163
Refined 0 mesh cells (0%)
Completed meshing!
Meshing complete in 0.019014 seconds of CPU time
Starting meshing
Simulation size in gridpoints: 1 x 324 x 163
Refined 0 mesh cells (0%)
Completed meshing!
Meshing complete in 0.018329 seconds of CPU time
Starting meshing
Simulation size in gridpoints: 1 x 324 x 163
Refined 0 mesh cells (0%)
Completed meshing!
Meshing complete in 0.01768 seconds of CPU time
Starting meshing
Simulation size in gridpoints: 1 x 324 x 163
Refined 0 mesh cells (0%)
Completed meshing!
Meshing complete in 0.02107 seconds of CPU time
Starting meshing
Simulation size in gridpoints: 1 x 324 x 163
Refined 0 mesh cells (0%)
Completed meshing!
Meshing complete in 0.018327 seconds of CPU time
Starting meshing
Simulation size in gridpoints: 1 x 324 x 163
Refined 0 mesh cells (0%)
Completed meshing!
Meshing complete in 0.01751 seconds of CPU time
Starting meshing
Simulation size in gridpoints: 1 x 324 x 163
Refined 0 mesh cells (0%)
Completed meshing!
Meshing complete in 0.01722 seconds of CPU time
Starting meshing
Simulation size in gridpoints: 1 x 324 x 163
Refined 0 mesh cells (0%)
Completed meshing!
Meshing complete in 0.023358 seconds of CPU time
Starting meshing
Simulation size in gridpoints: 1 x 324 x 163
Refined 0 mesh cells (0%)
Completed meshing!
Meshing complete in 0.018774 seconds of CPU time
Starting meshing
Simulation size in gridpoints: 1 x 324 x 163
Refined 0 mesh cells (0%)
Completed meshing!
Meshing complete in 0.020114 seconds of CPU time
Starting meshing
Simulation size in gridpoints: 1 x 324 x 163
Refined 0 mesh cells (0%)
Completed meshing!
Meshing complete in 0.019203 seconds of CPU time
Starting meshing
Simulation size in gridpoints: 1 x 324 x 163
Refined 0 mesh cells (0%)
Completed meshing!
Meshing complete in 0.020908 seconds of CPU time
Starting meshing
Simulation size in gridpoints: 1 x 324 x 163
Refined 0 mesh cells (0%)
Completed meshing!
Meshing complete in 0.017785 seconds of CPU time
Starting meshing
Simulation size in gridpoints: 1 x 324 x 163
Refined 0 mesh cells (0%)
Completed meshing!
Meshing complete in 0.021832 seconds of CPU time
Starting meshing
Simulation size in gridpoints: 1 x 324 x 163
Refined 0 mesh cells (0%)
Completed meshing!
Meshing complete in 0.017374 seconds of CPU time
Starting meshing
Simulation size in gridpoints: 1 x 324 x 163
Refined 0 mesh cells (0%)
Completed meshing!
Meshing complete in 0.017134 seconds of CPU time
Starting meshing
Simulation size in gridpoints: 1 x 324 x 163
Refined 0 mesh cells (0%)
Completed meshing!
Meshing complete in 0.018284 seconds of CPU time
Starting meshing
Simulation size in gridpoints: 1 x 324 x 163
Refined 0 mesh cells (0%)
Completed meshing!
Meshing complete in 0.018533 seconds of CPU time
Starting meshing
Simulation size in gridpoints: 1 x 324 x 163
Refined 0 mesh cells (0%)
Completed meshing!
Meshing complete in 0.021116 seconds of CPU time
Starting meshing
Simulation size in gridpoints: 1 x 324 x 163
Refined 0 mesh cells (0%)
Completed meshing!
Meshing complete in 0.021351 seconds of CPU time
Starting meshing
Simulation size in gridpoints: 1 x 324 x 163
Refined 0 mesh cells (0%)
Completed meshing!
Meshing complete in 0.019449 seconds of CPU time
Starting meshing
Simulation size in gridpoints: 1 x 324 x 163
Refined 0 mesh cells (0%)
Completed meshing!
Meshing complete in 0.0179 seconds of CPU time
Starting meshing
Simulation size in gridpoints: 1 x 324 x 163
Refined 0 mesh cells (0%)
Completed meshing!
Meshing complete in 0.021213 seconds of CPU time
Starting meshing
Simulation size in gridpoints: 1 x 324 x 163
Refined 0 mesh cells (0%)
Completed meshing!
Meshing complete in 0.017583 seconds of CPU time
Starting meshing
Simulation size in gridpoints: 1 x 324 x 163
Refined 0 mesh cells (0%)
Completed meshing!
Meshing complete in 0.017361 seconds of CPU time
Starting meshing
Simulation size in gridpoints: 1 x 324 x 163
Refined 0 mesh cells (0%)
Completed meshing!
Meshing complete in 0.01844 seconds of CPU time
Starting meshing
Simulation size in gridpoints: 1 x 324 x 163
Refined 0 mesh cells (0%)
Completed meshing!
Meshing complete in 0.017381 seconds of CPU time
Starting meshing
Simulation size in gridpoints: 1 x 324 x 163
Refined 0 mesh cells (0%)
Completed meshing!
Meshing complete in 0.01697 seconds of CPU time
Starting meshing
Simulation size in gridpoints: 1 x 324 x 163
Refined 0 mesh cells (0%)
Completed meshing!
Meshing complete in 0.023838 seconds of CPU time
Starting meshing
Simulation size in gridpoints: 1 x 324 x 163
Refined 0 mesh cells (0%)
Completed meshing!
Meshing complete in 0.017396 seconds of CPU time
Starting meshing
Simulation size in gridpoints: 1 x 324 x 163
Refined 0 mesh cells (0%)
Completed meshing!
Meshing complete in 0.017305 seconds of CPU time
Starting meshing
Simulation size in gridpoints: 1 x 324 x 163
Refined 0 mesh cells (0%)
Completed meshing!
Meshing complete in 0.020001 seconds of CPU time
Starting meshing
Simulation size in gridpoints: 1 x 324 x 163
Refined 0 mesh cells (0%)
Completed meshing!
Meshing complete in 0.020799 seconds of CPU time
Starting meshing
Simulation size in gridpoints: 1 x 324 x 163
Refined 0 mesh cells (0%)
Completed meshing!
Meshing complete in 0.017567 seconds of CPU time
Starting meshing
Simulation size in gridpoints: 1 x 324 x 163
Refined 0 mesh cells (0%)
Completed meshing!
Meshing complete in 0.018116 seconds of CPU time
Starting meshing
Simulation size in gridpoints: 1 x 324 x 163
Refined 0 mesh cells (0%)
Completed meshing!
Meshing complete in 0.018426 seconds of CPU time
Starting meshing
Simulation size in gridpoints: 1 x 324 x 163
Refined 0 mesh cells (0%)
Completed meshing!
Meshing complete in 0.017411 seconds of CPU time
Starting meshing
Simulation size in gridpoints: 1 x 324 x 163
Refined 0 mesh cells (0%)
Completed meshing!
Meshing complete in 0.018695 seconds of CPU time
Starting meshing
Simulation size in gridpoints: 1 x 324 x 163
Refined 0 mesh cells (0%)
Completed meshing!
Meshing complete in 0.017705 seconds of CPU time
Starting meshing
Simulation size in gridpoints: 1 x 324 x 163
Refined 0 mesh cells (0%)
Completed meshing!
Meshing complete in 0.018883 seconds of CPU time
Starting meshing
Simulation size in gridpoints: 1 x 324 x 163
Refined 0 mesh cells (0%)
Completed meshing!
Meshing complete in 0.018506 seconds of CPU time
Starting meshing
Simulation size in gridpoints: 1 x 324 x 163
Refined 0 mesh cells (0%)
Completed meshing!
Meshing complete in 0.018018 seconds of CPU time
Starting meshing
Simulation size in gridpoints: 1 x 324 x 163
Refined 0 mesh cells (0%)
Completed meshing!
Meshing complete in 0.017318 seconds of CPU time
Starting meshing
Simulation size in gridpoints: 1 x 324 x 163
Refined 0 mesh cells (0%)
Completed meshing!
Meshing complete in 0.018371 seconds of CPU time
Starting meshing
Simulation size in gridpoints: 1 x 324 x 163
Refined 0 mesh cells (0%)
Completed meshing!
Meshing complete in 0.017327 seconds of CPU time
Starting meshing
Simulation size in gridpoints: 1 x 324 x 163
Refined 0 mesh cells (0%)
Completed meshing!
Meshing complete in 0.017528 seconds of CPU time
Starting meshing
Simulation size in gridpoints: 1 x 324 x 163
Refined 0 mesh cells (0%)
Completed meshing!
Meshing complete in 0.019408 seconds of CPU time
Starting meshing
Simulation size in gridpoints: 1 x 324 x 163
Refined 0 mesh cells (0%)
Completed meshing!
Meshing complete in 0.018505 seconds of CPU time
Starting meshing
Simulation size in gridpoints: 1 x 324 x 163
Refined 0 mesh cells (0%)
Completed meshing!
Meshing complete in 0.017676 seconds of CPU time
Starting meshing
Simulation size in gridpoints: 1 x 324 x 163
Refined 0 mesh cells (0%)
Completed meshing!
Meshing complete in 0.018479 seconds of CPU time
Starting meshing
Simulation size in gridpoints: 1 x 324 x 163
Refined 0 mesh cells (0%)
Completed meshing!
Meshing complete in 0.019192 seconds of CPU time
Starting meshing
Simulation size in gridpoints: 1 x 324 x 163
Refined 0 mesh cells (0%)
Completed meshing!
Meshing complete in 0.020124 seconds of CPU time
Starting meshing
Simulation size in gridpoints: 1 x 324 x 163
Refined 0 mesh cells (0%)
Completed meshing!
Meshing complete in 0.020914 seconds of CPU time
Starting meshing
Simulation size in gridpoints: 1 x 324 x 163
Refined 0 mesh cells (0%)
Completed meshing!
Meshing complete in 0.018224 seconds of CPU time
Starting meshing
Simulation size in gridpoints: 1 x 324 x 163
Refined 0 mesh cells (0%)
Completed meshing!
Meshing complete in 0.017827 seconds of CPU time
Starting meshing
Simulation size in gridpoints: 1 x 324 x 163
Refined 0 mesh cells (0%)
Completed meshing!
Meshing complete in 0.018963 seconds of CPU time
Starting meshing
Simulation size in gridpoints: 1 x 324 x 163
Refined 0 mesh cells (0%)
Completed meshing!
Meshing complete in 0.021453 seconds of CPU time
Starting meshing
Simulation size in gridpoints: 1 x 324 x 163
Refined 0 mesh cells (0%)
Completed meshing!
Meshing complete in 0.017825 seconds of CPU time
Starting meshing
Simulation size in gridpoints: 1 x 324 x 163
Refined 0 mesh cells (0%)
Completed meshing!
Meshing complete in 0.019291 seconds of CPU time
Starting meshing
Simulation size in gridpoints: 1 x 324 x 163
Refined 0 mesh cells (0%)
Completed meshing!
Meshing complete in 0.019468 seconds of CPU time
Starting meshing
Simulation size in gridpoints: 1 x 324 x 163
Refined 0 mesh cells (0%)
Completed meshing!
Meshing complete in 0.018032 seconds of CPU time
Starting meshing
Simulation size in gridpoints: 1 x 324 x 163
Refined 0 mesh cells (0%)
Completed meshing!
Meshing complete in 0.018474 seconds of CPU time
Starting meshing
Simulation size in gridpoints: 1 x 324 x 163
Refined 0 mesh cells (0%)
Completed meshing!
Meshing complete in 0.017319 seconds of CPU time
Starting meshing
Simulation size in gridpoints: 1 x 324 x 163
Refined 0 mesh cells (0%)
Completed meshing!
Meshing complete in 0.01718 seconds of CPU time
Starting meshing
Simulation size in gridpoints: 1 x 324 x 163
Refined 0 mesh cells (0%)
Completed meshing!
Meshing complete in 0.01839 seconds of CPU time
Starting meshing
Simulation size in gridpoints: 1 x 324 x 163
Refined 0 mesh cells (0%)
Completed meshing!
Meshing complete in 0.017517 seconds of CPU time
Starting meshing
Simulation size in gridpoints: 1 x 324 x 163
Refined 0 mesh cells (0%)
Completed meshing!
Meshing complete in 0.019294 seconds of CPU time
Starting meshing
Simulation size in gridpoints: 1 x 324 x 163
Refined 0 mesh cells (0%)
Completed meshing!
Meshing complete in 0.01985 seconds of CPU time
Starting meshing
Simulation size in gridpoints: 1 x 324 x 163
Refined 0 mesh cells (0%)
Completed meshing!
Meshing complete in 0.0179 seconds of CPU time
Starting meshing
Simulation size in gridpoints: 1 x 324 x 163
Refined 0 mesh cells (0%)
Completed meshing!
Meshing complete in 0.022016 seconds of CPU time
Starting meshing
Simulation size in gridpoints: 1 x 324 x 163
Refined 0 mesh cells (0%)
Completed meshing!
Meshing complete in 0.0191 seconds of CPU time
Starting meshing
Simulation size in gridpoints: 1 x 324 x 163
Refined 0 mesh cells (0%)
Completed meshing!
Meshing complete in 0.020261 seconds of CPU time
Starting meshing
Simulation size in gridpoints: 1 x 324 x 163
Refined 0 mesh cells (0%)
Completed meshing!
Meshing complete in 0.017915 seconds of CPU time
Starting meshing
Simulation size in gridpoints: 1 x 324 x 163
Refined 0 mesh cells (0%)
Completed meshing!
Meshing complete in 0.020929 seconds of CPU time
Starting meshing
Simulation size in gridpoints: 1 x 324 x 163
Refined 0 mesh cells (0%)
Completed meshing!
Meshing complete in 0.017625 seconds of CPU time
Starting meshing
Simulation size in gridpoints: 1 x 324 x 163
Refined 0 mesh cells (0%)
Completed meshing!
Meshing complete in 0.017382 seconds of CPU time
Starting meshing
Simulation size in gridpoints: 1 x 324 x 163
Refined 0 mesh cells (0%)
Completed meshing!
Meshing complete in 0.019127 seconds of CPU time
Starting meshing
Simulation size in gridpoints: 1 x 324 x 163
Refined 0 mesh cells (0%)
Completed meshing!
Meshing complete in 0.017315 seconds of CPU time
Starting meshing
Simulation size in gridpoints: 1 x 324 x 163
Refined 0 mesh cells (0%)
Completed meshing!
Meshing complete in 0.017357 seconds of CPU time
Starting meshing
Simulation size in gridpoints: 1 x 324 x 163
Refined 0 mesh cells (0%)
Completed meshing!
Meshing complete in 0.020987 seconds of CPU time
Starting meshing
Simulation size in gridpoints: 1 x 324 x 163
Refined 0 mesh cells (0%)
Completed meshing!
Meshing complete in 0.018091 seconds of CPU time
Starting meshing
Simulation size in gridpoints: 1 x 324 x 163
Refined 0 mesh cells (0%)
Completed meshing!
Meshing complete in 0.017291 seconds of CPU time
Starting meshing
Simulation size in gridpoints: 1 x 324 x 163
Refined 0 mesh cells (0%)
Completed meshing!
Meshing complete in 0.019004 seconds of CPU time
Starting meshing
Simulation size in gridpoints: 1 x 324 x 163
Refined 0 mesh cells (0%)
Completed meshing!
Meshing complete in 0.017752 seconds of CPU time
Starting meshing
Simulation size in gridpoints: 1 x 324 x 163
Refined 0 mesh cells (0%)
Completed meshing!
Meshing complete in 0.017238 seconds of CPU time
Starting meshing
Simulation size in gridpoints: 1 x 324 x 163
Refined 0 mesh cells (0%)
Completed meshing!
Meshing complete in 0.018504 seconds of CPU time
Starting meshing
Simulation size in gridpoints: 1 x 324 x 163
Refined 0 mesh cells (0%)
Completed meshing!
Meshing complete in 0.023623 seconds of CPU time
Starting meshing
Simulation size in gridpoints: 1 x 324 x 163
Refined 0 mesh cells (0%)
Completed meshing!
Meshing complete in 0.017696 seconds of CPU time
Starting meshing
Simulation size in gridpoints: 1 x 324 x 163
Refined 0 mesh cells (0%)
Completed meshing!
Meshing complete in 0.018784 seconds of CPU time
Starting meshing
Simulation size in gridpoints: 1 x 324 x 163
Refined 0 mesh cells (0%)
Completed meshing!
Meshing complete in 0.021718 seconds of CPU time
Starting meshing
Simulation size in gridpoints: 1 x 324 x 163
Refined 0 mesh cells (0%)
Completed meshing!
Meshing complete in 0.018761 seconds of CPU time
Starting meshing
Simulation size in gridpoints: 1 x 324 x 163
Refined 0 mesh cells (0%)
Completed meshing!
Meshing complete in 0.018835 seconds of CPU time
Starting meshing
Simulation size in gridpoints: 1 x 324 x 163
Refined 0 mesh cells (0%)
Completed meshing!
Meshing complete in 0.017651 seconds of CPU time
Starting meshing
Simulation size in gridpoints: 1 x 324 x 163
Refined 0 mesh cells (0%)
Completed meshing!
Meshing complete in 0.017177 seconds of CPU time
Starting meshing
Simulation size in gridpoints: 1 x 324 x 163
Refined 0 mesh cells (0%)
Completed meshing!
Meshing complete in 0.019477 seconds of CPU time
Starting meshing
Simulation size in gridpoints: 1 x 324 x 163
Refined 0 mesh cells (0%)
Completed meshing!
Meshing complete in 0.018005 seconds of CPU time
Starting meshing
Simulation size in gridpoints: 1 x 324 x 163
Refined 0 mesh cells (0%)
Completed meshing!
Meshing complete in 0.017858 seconds of CPU time
Starting meshing
Simulation size in gridpoints: 1 x 324 x 163
Refined 0 mesh cells (0%)
Completed meshing!
Meshing complete in 0.019204 seconds of CPU time
Starting meshing
Simulation size in gridpoints: 1 x 324 x 163
Refined 0 mesh cells (0%)
Completed meshing!
Meshing complete in 0.017452 seconds of CPU time
Starting meshing
Simulation size in gridpoints: 1 x 324 x 163
Refined 0 mesh cells (0%)
Completed meshing!
Meshing complete in 0.017491 seconds of CPU time
Starting meshing
Simulation size in gridpoints: 1 x 324 x 163
Refined 0 mesh cells (0%)
Completed meshing!
Meshing complete in 0.018344 seconds of CPU time
Starting meshing
Simulation size in gridpoints: 1 x 324 x 163
Refined 0 mesh cells (0%)
Completed meshing!
Meshing complete in 0.019553 seconds of CPU time
Starting meshing
Simulation size in gridpoints: 1 x 324 x 163
Refined 0 mesh cells (0%)
Completed meshing!
Meshing complete in 0.017761 seconds of CPU time
Starting meshing
Simulation size in gridpoints: 1 x 324 x 163
Refined 0 mesh cells (0%)
Completed meshing!
Meshing complete in 0.019328 seconds of CPU time
Starting meshing
Simulation size in gridpoints: 1 x 324 x 163
Refined 0 mesh cells (0%)
Completed meshing!
Meshing complete in 0.018991 seconds of CPU time
Starting meshing
Simulation size in gridpoints: 1 x 324 x 163
Refined 0 mesh cells (0%)
Completed meshing!
Meshing complete in 0.018146 seconds of CPU time
Starting meshing
Simulation size in gridpoints: 1 x 324 x 163
Refined 0 mesh cells (0%)
Completed meshing!
Meshing complete in 0.018614 seconds of CPU time
Starting meshing
Simulation size in gridpoints: 1 x 324 x 163
Refined 0 mesh cells (0%)
Completed meshing!
Meshing complete in 0.018063 seconds of CPU time
Starting meshing
Simulation size in gridpoints: 1 x 324 x 163
Refined 0 mesh cells (0%)
Completed meshing!
Meshing complete in 0.017636 seconds of CPU time
Starting meshing
Simulation size in gridpoints: 1 x 324 x 163
Refined 0 mesh cells (0%)
Completed meshing!
Meshing complete in 0.020747 seconds of CPU time
Starting meshing
Simulation size in gridpoints: 1 x 324 x 163
Refined 0 mesh cells (0%)
Completed meshing!
Meshing complete in 0.021341 seconds of CPU time
Starting meshing
Simulation size in gridpoints: 1 x 324 x 163
Refined 0 mesh cells (0%)
Completed meshing!
Meshing complete in 0.021657 seconds of CPU time
Starting meshing
Simulation size in gridpoints: 1 x 324 x 163
Refined 0 mesh cells (0%)
Completed meshing!
Meshing complete in 0.023885 seconds of CPU time
Starting meshing
Simulation size in gridpoints: 1 x 324 x 163
Refined 0 mesh cells (0%)
Completed meshing!
Meshing complete in 0.01906 seconds of CPU time
Starting meshing
Simulation size in gridpoints: 1 x 324 x 163
Refined 0 mesh cells (0%)
Completed meshing!
Meshing complete in 0.020592 seconds of CPU time
Starting meshing
Simulation size in gridpoints: 1 x 324 x 163
Refined 0 mesh cells (0%)
Completed meshing!
Meshing complete in 0.022096 seconds of CPU time
Starting meshing
Simulation size in gridpoints: 1 x 324 x 163
Refined 0 mesh cells (0%)
Completed meshing!
Meshing complete in 0.021675 seconds of CPU time
Starting meshing
Simulation size in gridpoints: 1 x 324 x 163
Refined 0 mesh cells (0%)
Completed meshing!
Meshing complete in 0.019377 seconds of CPU time
Starting meshing
Simulation size in gridpoints: 1 x 324 x 163
Refined 0 mesh cells (0%)
Completed meshing!
Meshing complete in 0.023105 seconds of CPU time
Starting meshing
Simulation size in gridpoints: 1 x 324 x 163
Refined 0 mesh cells (0%)
Completed meshing!
Meshing complete in 0.021139 seconds of CPU time
Starting meshing
Simulation size in gridpoints: 1 x 324 x 163
Refined 0 mesh cells (0%)
Completed meshing!
Meshing complete in 0.021239 seconds of CPU time
Starting meshing
Simulation size in gridpoints: 1 x 324 x 163
Refined 0 mesh cells (0%)
Completed meshing!
Meshing complete in 0.022269 seconds of CPU time
Starting meshing
Simulation size in gridpoints: 1 x 324 x 163
Refined 0 mesh cells (0%)
Completed meshing!
Meshing complete in 0.023178 seconds of CPU time
Starting meshing
Simulation size in gridpoints: 1 x 324 x 163
Refined 0 mesh cells (0%)
Completed meshing!
Meshing complete in 0.019259 seconds of CPU time
Starting meshing
Simulation size in gridpoints: 1 x 324 x 163
Refined 0 mesh cells (0%)
Completed meshing!
Meshing complete in 0.021893 seconds of CPU time
Starting meshing
Simulation size in gridpoints: 1 x 324 x 163
Refined 0 mesh cells (0%)
Completed meshing!
Meshing complete in 0.02185 seconds of CPU time
Starting meshing
Simulation size in gridpoints: 1 x 324 x 163
Refined 0 mesh cells (0%)
Completed meshing!
Meshing complete in 0.021636 seconds of CPU time
Starting meshing
Simulation size in gridpoints: 1 x 324 x 163
Refined 0 mesh cells (0%)
Completed meshing!
Meshing complete in 0.025515 seconds of CPU time
Starting meshing
Simulation size in gridpoints: 1 x 324 x 163
Refined 0 mesh cells (0%)
Completed meshing!
Meshing complete in 0.022908 seconds of CPU time
Starting meshing
Simulation size in gridpoints: 1 x 324 x 163
Refined 0 mesh cells (0%)
Completed meshing!
Meshing complete in 0.018809 seconds of CPU time
Starting meshing
Simulation size in gridpoints: 1 x 324 x 163
Refined 0 mesh cells (0%)
Completed meshing!
Meshing complete in 0.025403 seconds of CPU time
Starting meshing
Simulation size in gridpoints: 1 x 324 x 163
Refined 0 mesh cells (0%)
Completed meshing!
Meshing complete in 0.019631 seconds of CPU time
Starting meshing
Simulation size in gridpoints: 1 x 324 x 163
Refined 0 mesh cells (0%)
Completed meshing!
Meshing complete in 0.022378 seconds of CPU time
Starting meshing
Simulation size in gridpoints: 1 x 324 x 163
Refined 0 mesh cells (0%)
Completed meshing!
Meshing complete in 0.022066 seconds of CPU time
Starting meshing
Simulation size in gridpoints: 1 x 324 x 163
Refined 0 mesh cells (0%)
Completed meshing!
Meshing complete in 0.022111 seconds of CPU time
Starting meshing
Simulation size in gridpoints: 1 x 324 x 163
Refined 0 mesh cells (0%)
Completed meshing!
Meshing complete in 0.020699 seconds of CPU time
Starting meshing
Simulation size in gridpoints: 1 x 324 x 163
Refined 0 mesh cells (0%)
Completed meshing!
Meshing complete in 0.023588 seconds of CPU time
Starting meshing
Simulation size in gridpoints: 1 x 324 x 163
Refined 0 mesh cells (0%)
Completed meshing!
Meshing complete in 0.022972 seconds of CPU time
Starting meshing
Simulation size in gridpoints: 1 x 324 x 163
Refined 0 mesh cells (0%)
Completed meshing!
Meshing complete in 0.01934 seconds of CPU time
Starting meshing
Simulation size in gridpoints: 1 x 324 x 163
Refined 0 mesh cells (0%)
Completed meshing!
Meshing complete in 0.019539 seconds of CPU time
Starting meshing
Simulation size in gridpoints: 1 x 324 x 163
Refined 0 mesh cells (0%)
Completed meshing!
Meshing complete in 0.017635 seconds of CPU time
Starting meshing
Simulation size in gridpoints: 1 x 324 x 163
Refined 0 mesh cells (0%)
Completed meshing!
Meshing complete in 0.018006 seconds of CPU time
Starting meshing
Simulation size in gridpoints: 1 x 324 x 163
Refined 0 mesh cells (0%)
Completed meshing!
Meshing complete in 0.020029 seconds of CPU time
Starting meshing
Simulation size in gridpoints: 1 x 324 x 163
Refined 0 mesh cells (0%)
Completed meshing!
Meshing complete in 0.017745 seconds of CPU time
Starting meshing
Simulation size in gridpoints: 1 x 324 x 163
Refined 0 mesh cells (0%)
Completed meshing!
Meshing complete in 0.017729 seconds of CPU time
Starting meshing
Simulation size in gridpoints: 1 x 324 x 163
Refined 0 mesh cells (0%)
Completed meshing!
Meshing complete in 0.019636 seconds of CPU time
Starting meshing
Simulation size in gridpoints: 1 x 324 x 163
Refined 0 mesh cells (0%)
Completed meshing!
Meshing complete in 0.020506 seconds of CPU time
Starting meshing
Simulation size in gridpoints: 1 x 324 x 163
Refined 0 mesh cells (0%)
Completed meshing!
Meshing complete in 0.019161 seconds of CPU time
Starting meshing
Simulation size in gridpoints: 1 x 324 x 163
Refined 0 mesh cells (0%)
Completed meshing!
Meshing complete in 0.019921 seconds of CPU time
Starting meshing
Simulation size in gridpoints: 1 x 324 x 163
Refined 0 mesh cells (0%)
Completed meshing!
Meshing complete in 0.019125 seconds of CPU time
Starting meshing
Simulation size in gridpoints: 1 x 324 x 163
Refined 0 mesh cells (0%)
Completed meshing!
Meshing complete in 0.022044 seconds of CPU time
Starting meshing
Simulation size in gridpoints: 1 x 324 x 163
Refined 0 mesh cells (0%)
Completed meshing!
Meshing complete in 0.021126 seconds of CPU time
Starting meshing
Simulation size in gridpoints: 1 x 324 x 163
Refined 0 mesh cells (0%)
Completed meshing!
Meshing complete in 0.018161 seconds of CPU time
Starting meshing
Simulation size in gridpoints: 1 x 324 x 163
Refined 0 mesh cells (0%)
Completed meshing!
Meshing complete in 0.019872 seconds of CPU time
Starting meshing
Simulation size in gridpoints: 1 x 324 x 163
Refined 0 mesh cells (0%)
Completed meshing!
Meshing complete in 0.018931 seconds of CPU time
Starting meshing
Simulation size in gridpoints: 1 x 324 x 163
Refined 0 mesh cells (0%)
Completed meshing!
Meshing complete in 0.019496 seconds of CPU time
Starting meshing
Simulation size in gridpoints: 1 x 324 x 163
Refined 0 mesh cells (0%)
Completed meshing!
Meshing complete in 0.018969 seconds of CPU time
Starting meshing
Simulation size in gridpoints: 1 x 324 x 163
Refined 0 mesh cells (0%)
Completed meshing!
Meshing complete in 0.019526 seconds of CPU time
Starting meshing
Simulation size in gridpoints: 1 x 324 x 163
Refined 0 mesh cells (0%)
Completed meshing!
Meshing complete in 0.017927 seconds of CPU time
Starting meshing
Simulation size in gridpoints: 1 x 324 x 163
Refined 0 mesh cells (0%)
Completed meshing!
Meshing complete in 0.018674 seconds of CPU time
Starting meshing
Simulation size in gridpoints: 1 x 324 x 163
Refined 0 mesh cells (0%)
Completed meshing!
Meshing complete in 0.020056 seconds of CPU time
Starting meshing
Simulation size in gridpoints: 1 x 324 x 163
Refined 0 mesh cells (0%)
Completed meshing!
Meshing complete in 0.019375 seconds of CPU time
Starting meshing
Simulation size in gridpoints: 1 x 324 x 163
Refined 0 mesh cells (0%)
Completed meshing!
Meshing complete in 0.017901 seconds of CPU time
Starting meshing
Simulation size in gridpoints: 1 x 324 x 163
Refined 0 mesh cells (0%)
Completed meshing!
Meshing complete in 0.019217 seconds of CPU time
Starting meshing
Simulation size in gridpoints: 1 x 324 x 163
Refined 0 mesh cells (0%)
Completed meshing!
Meshing complete in 0.018477 seconds of CPU time
Starting meshing
Simulation size in gridpoints: 1 x 324 x 163
Refined 0 mesh cells (0%)
Completed meshing!
Meshing complete in 0.018478 seconds of CPU time
Starting meshing
Simulation size in gridpoints: 1 x 324 x 163
Refined 0 mesh cells (0%)
Completed meshing!
Meshing complete in 0.01939 seconds of CPU time
Starting meshing
Simulation size in gridpoints: 1 x 324 x 163
Refined 0 mesh cells (0%)
Completed meshing!
Meshing complete in 0.018924 seconds of CPU time
Starting meshing
Simulation size in gridpoints: 1 x 324 x 163
Refined 0 mesh cells (0%)
Completed meshing!
Meshing complete in 0.021127 seconds of CPU time
Starting meshing
Simulation size in gridpoints: 1 x 324 x 163
Refined 0 mesh cells (0%)
Completed meshing!
Meshing complete in 0.018289 seconds of CPU time
Starting meshing
Simulation size in gridpoints: 1 x 324 x 163
Refined 0 mesh cells (0%)
Completed meshing!
Meshing complete in 0.019863 seconds of CPU time
Starting meshing
Simulation size in gridpoints: 1 x 324 x 163
Refined 0 mesh cells (0%)
Completed meshing!
Meshing complete in 0.020417 seconds of CPU time
Starting meshing
Simulation size in gridpoints: 1 x 324 x 163
Refined 0 mesh cells (0%)
Completed meshing!
Meshing complete in 0.018957 seconds of CPU time
Starting meshing
Simulation size in gridpoints: 1 x 324 x 163
Refined 0 mesh cells (0%)
Completed meshing!
Meshing complete in 0.017273 seconds of CPU time
Starting meshing
Simulation size in gridpoints: 1 x 324 x 163
Refined 0 mesh cells (0%)
Completed meshing!
Meshing complete in 0.018261 seconds of CPU time
Time to calculate modes :  2609.37
Time to normalize fields and orthogonalize degenerate modes :  62.9964
Starting meshing
Simulation size in gridpoints: 1 x 324 x 163
Refined 0 mesh cells (0%)
Completed meshing!
Meshing complete in 0.009228 seconds of CPU time
Starting meshing
Simulation size in gridpoints: 1 x 324 x 163
Refined 0 mesh cells (0%)
Completed meshing!
Meshing complete in 0.008122 seconds of CPU time
Starting meshing
Simulation size in gridpoints: 1 x 324 x 163
Refined 0 mesh cells (0%)
Completed meshing!
Meshing complete in 0.007791 seconds of CPU time
Starting meshing
Simulation size in gridpoints: 1 x 120 x 61
Refined 0 mesh cells (0%)
Completed meshing!
Meshing complete in 0.002522 seconds of CPU time
Starting meshing
Simulation size in gridpoints: 1 x 120 x 61
Refined 0 mesh cells (0%)
Completed meshing!
Meshing complete in 0.002283 seconds of CPU time
Starting meshing
Simulation size in gridpoints: 1 x 120 x 61
Refined 0 mesh cells (0%)
Completed meshing!
Meshing complete in 0.002148 seconds of CPU time
Time to calculate overlaps : 345.08
Overall wall time measurements in seconds : 3017.45
Simulation completed successfully at: sex mar 17 14:41:02 2023
Overall EME run time, measurements in seconds: 3058.77
Total number of processes used by EME simulation : 1
