Ansys Lumerical 2022 R1.4 FDTD Solver Version 8.27.3044 (Linux 64bit)
 expires (month/day/year): 5/2/2023
using config file: Ansys Licensing set with ANSYSLMD_LICENSE_FILE
license host: 1055@10.75.13.24
current time: sex mar 3 16:45:15 2023
Running on host: fotonica01-System-Product-Name
host available memory (GB): 24.575406
All processes are communicating and ready to proceed to simulation...
Running fsp file: /opt/lumerical/v221/bin/fdtd-engine-mpich2nem -t 4 -remote -shared-solve-license QU5TWVNDTF9DT05URVhUX0RBVEE9PEFOU1lTQ0xfQ09OVEVYVF9EQVRBPjxJRD44MDVjYjQxNS1kNmQzLTQzYzYtOWVhNy1iMTZlNWExZTAxM2Q8L0lEPjxUWVBFPkFQUF9ERUZJTkVEPC9UWVBFPjxOQU1FPmx1bV9zdGFuZGFyZF9zb2x2ZV9zaGFyZTwvTkFNRT48SEFORExFUj4zOTc1N0Bmb3RvbmljYTAxLVN5c3RlbS1Qcm9kdWN0LU5hbWU8L0hBTkRMRVI+PC9BTlNZU0NMX0NPTlRFWFRfREFUQT4KQU5TWVNfQ09OVEVYVF9JRD04MDVjYjQxNS1kNmQzLTQzYzYtOWVhNy1iMTZlNWExZTAxM2QKQU5TWVNfQ09OVEVYVF9TRVJWRVI9Mzk3NTdAZm90b25pY2EwMS1TeXN0ZW0tUHJvZHVjdC1OYW1lCg== /home/moises/Documentos/GitHub/edge_coupler/edge_coupler.fsp
Starting meshing
Simulation size in gridpoints: 1 x 115 x 42
Refined 0 mesh cells (0%)
Completed meshing!
Meshing complete in 0.004262 seconds of CPU time
Starting meshing
Simulation size in gridpoints: 1 x 115 x 42
Refined 0 mesh cells (0%)
Completed meshing!
Meshing complete in 0.003192 seconds of CPU time
Starting meshing
Simulation size in gridpoints: 1 x 115 x 42
Refined 0 mesh cells (0%)
Completed meshing!
Meshing complete in 0.003187 seconds of CPU time
left is a duplicate key.
bottom is a duplicate key.
z1 is a duplicate key.
z2 is a duplicate key.
Nx is a duplicate key.
Ny is a duplicate key.
Nz is a duplicate key.
Starting meshing
Simulation size in gridpoints: 1 x 185 x 92
Refined 0 mesh cells (0%)
Completed meshing!
Meshing complete in 0.005893 seconds of CPU time
Starting meshing
Simulation size in gridpoints: 1 x 185 x 92
Refined 0 mesh cells (0%)
Completed meshing!
Meshing complete in 0.006611 seconds of CPU time
Starting meshing
Simulation size in gridpoints: 1 x 185 x 92
Refined 0 mesh cells (0%)
Completed meshing!
Meshing complete in 0.006306 seconds of CPU time
Starting meshing
Simulation size in gridpoints: 1 x 185 x 92
Refined 0 mesh cells (0%)
Completed meshing!
Meshing complete in 0.005464 seconds of CPU time
Starting meshing
Simulation size in gridpoints: 1 x 185 x 92
Refined 0 mesh cells (0%)
Completed meshing!
Meshing complete in 0.005683 seconds of CPU time
Starting meshing
Simulation size in gridpoints: 1 x 185 x 92
Refined 0 mesh cells (0%)
Completed meshing!
Meshing complete in 0.005352 seconds of CPU time
left is a duplicate key.
bottom is a duplicate key.
z1 is a duplicate key.
z2 is a duplicate key.
Nx is a duplicate key.
Ny is a duplicate key.
Nz is a duplicate key.
number of processors is 6
processors are distributed as: 6x1x1
Running 3D Simulation
Starting meshing
Simulation size in gridpoints: 292 x 199 x 99
Refined 0 mesh cells (0%)
Completed meshing!
Meshing complete in 2.89007 seconds of CPU time
301312 301312
Starting meshing
Simulation size in gridpoints: 292 x 199 x 99
Refined 0 mesh cells (0%)
Completed meshing!
Meshing complete in 3.00623 seconds of CPU time
330240 330240
Starting meshing
Simulation size in gridpoints: 292 x 199 x 99
Refined 0 mesh cells (0%)
Completed meshing!
Meshing complete in 2.88394 seconds of CPU time
292256 292256
finished material properties
Meshing Time: 4.02077 seconds, Init Electrical Material Time: 1.16741 seconds, Init Magnetic Material Time: 0.014276
Using selected optimization level: 2
Selecting 3d kernel for splitFieldDirection=0 and optLevel=2
-----------------------------------------
Beginning initialization of 3D Simulation
Starting to add sources to simulation
Adding 3D Mode source propagating in X
Using frequency dependent profile
Starting to add boundary conditions to simulation
Adding 3D PML BC
Adding 3D Parallel BC
Adding 3D PML BC
Adding 3D PML BC
Adding 3D Symmetric BC
Adding 3D PML BC
Starting to add monitors to Simulation
Adding analysis monitor
Adding 3D DFT monitor
Adding 3D DFT monitor
Adding 3D DFT monitor
Finished initialization of 3D Simulation
-----------------------------------------
All processes are communicating and ready to proceed to simulation...
Starting 26787 total iterations
0.089596% complete. Max time remaining: 1 hr, 27 mins, 20 secs. Auto Shutoff: 1
1.10502% complete. Max time remaining: 1 hr, 27 mins, 40 secs. Auto Shutoff: 1
2.12044% complete. Max time remaining: 1 hr, 26 mins, 58 secs. Auto Shutoff: 1
3.13586% complete. Max time remaining: 1 hr, 26 mins, 19 secs. Auto Shutoff: 1
4.15128% complete. Max time remaining: 1 hr, 25 mins, 24 secs. Auto Shutoff: 1
5.1667% complete. Max time remaining: 1 hr, 24 mins, 21 secs. Auto Shutoff: 1
6.18213% complete. Max time remaining: 1 hr, 23 mins, 20 secs. Auto Shutoff: 1.00789
7.19755% complete. Max time remaining: 1 hr, 22 mins, 20 secs. Auto Shutoff: 0.983331
8.21297% complete. Max time remaining: 1 hr, 21 mins, 22 secs. Auto Shutoff: 0.972235
9.22839% complete. Max time remaining: 1 hr, 20 mins, 25 secs. Auto Shutoff: 0.957207
10.2438% complete. Max time remaining: 1 hr, 19 mins, 29 secs. Auto Shutoff: 0.942274
11.2592% complete. Max time remaining: 1 hr, 18 mins, 32 secs. Auto Shutoff: 0.926668
12.2747% complete. Max time remaining: 1 hr, 17 mins, 36 secs. Auto Shutoff: 0.905656
13.2901% complete. Max time remaining: 1 hr, 16 mins, 41 secs. Auto Shutoff: 0.88548
14.3055% complete. Max time remaining: 1 hr, 15 mins, 46 secs. Auto Shutoff: 0.875032
15.3209% complete. Max time remaining: 1 hr, 14 mins, 51 secs. Auto Shutoff: 0.865322
16.3363% complete. Max time remaining: 1 hr, 13 mins, 57 secs. Auto Shutoff: 0.852789
17.3518% complete. Max time remaining: 1 hr, 13 mins, 2 secs. Auto Shutoff: 0.844849
18.3672% complete. Max time remaining: 1 hr, 12 mins, 7 secs. Auto Shutoff: 0.835066
19.3826% complete. Max time remaining: 1 hr, 11 mins, 13 secs. Auto Shutoff: 0.821285
20.398% complete. Max time remaining: 1 hr, 10 mins, 18 secs. Auto Shutoff: 0.795055
21.4135% complete. Max time remaining: 1 hr, 9 mins, 24 secs. Auto Shutoff: 0.791957
22.4289% complete. Max time remaining: 1 hr, 8 mins, 30 secs. Auto Shutoff: 0.795702
23.4443% complete. Max time remaining: 1 hr, 7 mins, 36 secs. Auto Shutoff: 0.798757
24.4597% complete. Max time remaining: 1 hr, 6 mins, 41 secs. Auto Shutoff: 0.800918
25.4751% complete. Max time remaining: 1 hr, 5 mins, 48 secs. Auto Shutoff: 0.800284
26.4906% complete. Max time remaining: 1 hr, 4 mins, 54 secs. Auto Shutoff: 0.791045
27.506% complete. Max time remaining: 1 hr, 3 mins, 60 secs. Auto Shutoff: 0.789618
28.5214% complete. Max time remaining: 1 hr, 3 mins, 6 secs. Auto Shutoff: 0.781398
29.5368% complete. Max time remaining: 1 hr, 2 mins, 12 secs. Auto Shutoff: 0.782015
30.5522% complete. Max time remaining: 1 hr, 1 min, 18 secs. Auto Shutoff: 0.787399
31.5677% complete. Max time remaining: 1 hr, 25 secs. Auto Shutoff: 0.78489
32.5831% complete. Max time remaining: 59 mins, 31 secs. Auto Shutoff: 0.784196
33.5985% complete. Max time remaining: 58 mins, 38 secs. Auto Shutoff: 0.786865
34.6139% complete. Max time remaining: 57 mins, 45 secs. Auto Shutoff: 0.786815
35.6294% complete. Max time remaining: 56 mins, 52 secs. Auto Shutoff: 0.781983
36.6448% complete. Max time remaining: 55 mins, 59 secs. Auto Shutoff: 0.782782
37.6602% complete. Max time remaining: 55 mins, 5 secs. Auto Shutoff: 0.773133
38.6756% complete. Max time remaining: 54 mins, 11 secs. Auto Shutoff: 0.74773
39.691% complete. Max time remaining: 53 mins, 17 secs. Auto Shutoff: 0.655914
40.7065% complete. Max time remaining: 52 mins, 23 secs. Auto Shutoff: 0.564475
41.7219% complete. Max time remaining: 51 mins, 29 secs. Auto Shutoff: 0.430996
42.7373% complete. Max time remaining: 50 mins, 35 secs. Auto Shutoff: 0.321854
43.7527% complete. Max time remaining: 49 mins, 41 secs. Auto Shutoff: 0.180652
44.7681% complete. Max time remaining: 48 mins, 47 secs. Auto Shutoff: 0.113375
45.7836% complete. Max time remaining: 47 mins, 54 secs. Auto Shutoff: 0.0459079
46.799% complete. Max time remaining: 46 mins, 60 secs. Auto Shutoff: 0.0173685
47.8144% complete. Max time remaining: 46 mins, 6 secs. Auto Shutoff: 0.0112869
48.8298% complete. Max time remaining: 45 mins, 12 secs. Auto Shutoff: 0.00932241
49.8453% complete. Max time remaining: 44 mins, 18 secs. Auto Shutoff: 0.00811904
50.8607% complete. Max time remaining: 43 mins, 24 secs. Auto Shutoff: 0.00653227
51.8761% complete. Max time remaining: 42 mins, 30 secs. Auto Shutoff: 0.00608225
52.8915% complete. Max time remaining: 41 mins, 36 secs. Auto Shutoff: 0.00627985
53.9069% complete. Max time remaining: 40 mins, 43 secs. Auto Shutoff: 0.00584118
54.9224% complete. Max time remaining: 39 mins, 49 secs. Auto Shutoff: 0.00608167
55.9378% complete. Max time remaining: 38 mins, 55 secs. Auto Shutoff: 0.0059312
56.9532% complete. Max time remaining: 38 mins, 1 secs. Auto Shutoff: 0.00530507
57.9686% complete. Max time remaining: 37 mins, 7 secs. Auto Shutoff: 0.00484366
58.984% complete. Max time remaining: 36 mins, 13 secs. Auto Shutoff: 0.00450489
59.9995% complete. Max time remaining: 35 mins, 20 secs. Auto Shutoff: 0.00408959
61.0149% complete. Max time remaining: 34 mins, 26 secs. Auto Shutoff: 0.00430756
62.0303% complete. Max time remaining: 33 mins, 32 secs. Auto Shutoff: 0.00387907
63.0457% complete. Max time remaining: 32 mins, 38 secs. Auto Shutoff: 0.00343853
64.0612% complete. Max time remaining: 31 mins, 44 secs. Auto Shutoff: 0.00333159
65.0766% complete. Max time remaining: 30 mins, 50 secs. Auto Shutoff: 0.00279155
66.092% complete. Max time remaining: 29 mins, 56 secs. Auto Shutoff: 0.0024156
67.1074% complete. Max time remaining: 29 mins, 3 secs. Auto Shutoff: 0.00207212
68.1228% complete. Max time remaining: 28 mins, 9 secs. Auto Shutoff: 0.00190555
69.1383% complete. Max time remaining: 27 mins, 15 secs. Auto Shutoff: 0.00179026
70.1537% complete. Max time remaining: 26 mins, 21 secs. Auto Shutoff: 0.00171486
71.1691% complete. Max time remaining: 25 mins, 27 secs. Auto Shutoff: 0.00175858
72.1845% complete. Max time remaining: 24 mins, 33 secs. Auto Shutoff: 0.00156145
73.2% complete. Max time remaining: 23 mins, 39 secs. Auto Shutoff: 0.00133577
74.2154% complete. Max time remaining: 22 mins, 45 secs. Auto Shutoff: 0.00137631
75.2308% complete. Max time remaining: 21 mins, 51 secs. Auto Shutoff: 0.00121178
76.2462% complete. Max time remaining: 20 mins, 58 secs. Auto Shutoff: 0.00110139
77.2616% complete. Max time remaining: 20 mins, 4 secs. Auto Shutoff: 0.00110896
78.2771% complete. Max time remaining: 19 mins, 10 secs. Auto Shutoff: 0.00104738
79.2925% complete. Max time remaining: 18 mins, 16 secs. Auto Shutoff: 0.00101324
80.3079% complete. Max time remaining: 17 mins, 22 secs. Auto Shutoff: 0.00110074
81.3233% complete. Max time remaining: 16 mins, 29 secs. Auto Shutoff: 0.00105392
82.3387% complete. Max time remaining: 15 mins, 35 secs. Auto Shutoff: 0.000974916
83.3542% complete. Max time remaining: 14 mins, 41 secs. Auto Shutoff: 0.000892891
84.3696% complete. Max time remaining: 13 mins, 47 secs. Auto Shutoff: 0.000831744
85.385% complete. Max time remaining: 12 mins, 54 secs. Auto Shutoff: 0.000769551
86.4004% complete. Max time remaining: 11 mins, 60 secs. Auto Shutoff: 0.000734514
87.4159% complete. Max time remaining: 11 mins, 6 secs. Auto Shutoff: 0.000746288
88.4313% complete. Max time remaining: 10 mins, 12 secs. Auto Shutoff: 0.000712392
89.4467% complete. Max time remaining: 9 mins, 19 secs. Auto Shutoff: 0.000696079
90.4621% complete. Max time remaining: 8 mins, 25 secs. Auto Shutoff: 0.000686922
91.4775% complete. Max time remaining: 7 mins, 31 secs. Auto Shutoff: 0.000672199
92.493% complete. Max time remaining: 6 mins, 37 secs. Auto Shutoff: 0.000658093
93.5084% complete. Max time remaining: 5 mins, 44 secs. Auto Shutoff: 0.000659189
94.5238% complete. Max time remaining: 4 mins, 50 secs. Auto Shutoff: 0.000626605
95.5392% complete. Max time remaining: 3 mins, 56 secs. Auto Shutoff: 0.00059134
96.5546% complete. Max time remaining: 3 mins, 2 secs. Auto Shutoff: 0.000556718
97.5701% complete. Max time remaining: 2 mins, 9 secs. Auto Shutoff: 0.000547391
98.5855% complete. Max time remaining: 1 min, 15 secs. Auto Shutoff: 0.000528222
99.6009% complete. Max time remaining: 21 secs. Auto Shutoff: 0.000521821
Completed 26787 iterations, or 1.200004e-12s of Simulation Time
Process 0 starting to collect data
    collecting monitor data
    collecting source data
Using frequency dependent profile
Finished collecting data
left is a duplicate key.
bottom is a duplicate key.
z1 is a duplicate key.
z2 is a duplicate key.
Nx is a duplicate key.
Ny is a duplicate key.
Nz is a duplicate key.
left is a duplicate key.
bottom is a duplicate key.
z1 is a duplicate key.
z2 is a duplicate key.
Nx is a duplicate key.
Ny is a duplicate key.
Nz is a duplicate key.
Simulation completed successfully at: sex mar 3 18:13:50 2023
Overall wall time measurements in seconds: 5315.95
    time to mesh and initialize: 9.8017
    time to run FDTD simulation: 5292.99
    time to checkpoint simulation: 2e-06
    time to finalize data and save to files: 7.07452
    miscellaneous time: 6.08497
    FDTD solver speed on process 0: 29.1135 Mnodes/s
    total FDTD solver speed on 6 processes: 174.681 Mnodes/s
